2026-05-05 16:26:01 - Class "Admin\AdminManager" not found
#0 /computer/Project/frameworks/php/admin/Contracts/Live/AdminListPage.php(139): Admin\Contracts\Live\AdminListPage->getResource()
#1 /computer/Project/frameworks/php/framework/Component/Live/LiveComponent.php(94): Admin\Contracts\Live\AdminListPage->render()
#2 /computer/Project/frameworks/php/admin/Contracts/Live/AdminLayout.php(231): Framework\Component\Live\LiveComponent->toHtml()
#3 /computer/Project/frameworks/php/admin/Contracts/Live/AdminLayout.php(71): Admin\Contracts\Live\AdminLayout->renderMain()
#4 /computer/Project/frameworks/php/framework/Component/Live/LiveComponent.php(94): Admin\Contracts\Live\AdminLayout->render()
#5 /computer/Project/frameworks/php/framework/View/Document/Document.php(260): Framework\Component\Live\LiveComponent->toHtml()
#6 /computer/Project/frameworks/php/framework/View/Document/Document.php(160): Framework\View\Document\Document->resolveContent()
#7 /computer/Project/frameworks/php/framework/Http/Response/HtmlResponse.php(18): Framework\View\Document\Document->main()
#8 /computer/Project/frameworks/php/framework/Http/Response/Response.php(53): Framework\Http\Response\HtmlResponse->__construct()
#9 /computer/Project/frameworks/php/framework/Routing/Router.php(386): Framework\Http\Response\Response::html()
#10 /computer/Project/frameworks/php/framework/Routing/Router.php(401): Framework\Routing\Router->sendContent()
#11 /computer/Project/frameworks/php/framework/Routing/Router.php(342): Framework\Routing\Router->normalizeResponse()
#12 /computer/Project/frameworks/php/framework/Routing/Router.php(308): Framework\Routing\Router->invokeCallable()
#13 /computer/Project/frameworks/php/framework/Routing/Router.php(289): Framework\Routing\Router->invoke()
#14 /computer/Project/frameworks/php/framework/Routing/MiddlewareManager.php(106): Framework\Routing\Router->{closure:Framework\Routing\Router::invokeWithMiddleware():288}()
#15 /computer/Project/frameworks/php/framework/Routing/Router.php(292): Framework\Routing\MiddlewareManager->pipe()
#16 /computer/Project/frameworks/php/framework/Routing/Router.php(245): Framework\Routing\Router->invokeWithMiddleware()
#17 /computer/Project/frameworks/php/framework/Component/Live/LiveRequestHandler.php(171): Framework\Routing\Router->dispatch()
#18 [internal function]: Framework\Component\Live\LiveRequestHandler->navigate()
#19 /computer/Project/frameworks/php/framework/Routing/Router.php(317): ReflectionMethod->invoke()
#20 /computer/Project/frameworks/php/framework/Routing/Router.php(289): Framework\Routing\Router->invoke()
#21 /computer/Project/frameworks/php/framework/Routing/MiddlewareManager.php(106): Framework\Routing\Router->{closure:Framework\Routing\Router::invokeWithMiddleware():288}()
#22 /computer/Project/frameworks/php/framework/Routing/Router.php(292): Framework\Routing\MiddlewareManager->pipe()
#23 /computer/Project/frameworks/php/framework/Routing/Router.php(245): Framework\Routing\Router->invokeWithMiddleware()
#24 /computer/Project/frameworks/php/framework/Foundation/Kernel.php(72): Framework\Routing\Router->dispatch()
#25 /computer/Project/frameworks/php/public/index.php(22): Framework\Foundation\Kernel->handle()
#26 {main}

2026-05-05 16:26:04 - Class "Admin\AdminManager" not found
#0 /computer/Project/frameworks/php/admin/Contracts/Live/AdminListPage.php(139): Admin\Contracts\Live\AdminListPage->getResource()
#1 /computer/Project/frameworks/php/framework/Component/Live/LiveComponent.php(94): Admin\Contracts\Live\AdminListPage->render()
#2 /computer/Project/frameworks/php/admin/Contracts/Live/AdminLayout.php(231): Framework\Component\Live\LiveComponent->toHtml()
#3 /computer/Project/frameworks/php/admin/Contracts/Live/AdminLayout.php(71): Admin\Contracts\Live\AdminLayout->renderMain()
#4 /computer/Project/frameworks/php/framework/Component/Live/LiveComponent.php(94): Admin\Contracts\Live\AdminLayout->render()
#5 /computer/Project/frameworks/php/framework/View/Document/Document.php(260): Framework\Component\Live\LiveComponent->toHtml()
#6 /computer/Project/frameworks/php/framework/View/Document/Document.php(160): Framework\View\Document\Document->resolveContent()
#7 /computer/Project/frameworks/php/framework/Http/Response/HtmlResponse.php(18): Framework\View\Document\Document->main()
#8 /computer/Project/frameworks/php/framework/Http/Response/Response.php(53): Framework\Http\Response\HtmlResponse->__construct()
#9 /computer/Project/frameworks/php/framework/Routing/Router.php(386): Framework\Http\Response\Response::html()
#10 /computer/Project/frameworks/php/framework/Routing/Router.php(401): Framework\Routing\Router->sendContent()
#11 /computer/Project/frameworks/php/framework/Routing/Router.php(342): Framework\Routing\Router->normalizeResponse()
#12 /computer/Project/frameworks/php/framework/Routing/Router.php(308): Framework\Routing\Router->invokeCallable()
#13 /computer/Project/frameworks/php/framework/Routing/Router.php(289): Framework\Routing\Router->invoke()
#14 /computer/Project/frameworks/php/framework/Routing/MiddlewareManager.php(106): Framework\Routing\Router->{closure:Framework\Routing\Router::invokeWithMiddleware():288}()
#15 /computer/Project/frameworks/php/framework/Routing/Router.php(292): Framework\Routing\MiddlewareManager->pipe()
#16 /computer/Project/frameworks/php/framework/Routing/Router.php(245): Framework\Routing\Router->invokeWithMiddleware()
#17 /computer/Project/frameworks/php/framework/Component/Live/LiveRequestHandler.php(171): Framework\Routing\Router->dispatch()
#18 [internal function]: Framework\Component\Live\LiveRequestHandler->navigate()
#19 /computer/Project/frameworks/php/framework/Routing/Router.php(317): ReflectionMethod->invoke()
#20 /computer/Project/frameworks/php/framework/Routing/Router.php(289): Framework\Routing\Router->invoke()
#21 /computer/Project/frameworks/php/framework/Routing/MiddlewareManager.php(106): Framework\Routing\Router->{closure:Framework\Routing\Router::invokeWithMiddleware():288}()
#22 /computer/Project/frameworks/php/framework/Routing/Router.php(292): Framework\Routing\MiddlewareManager->pipe()
#23 /computer/Project/frameworks/php/framework/Routing/Router.php(245): Framework\Routing\Router->invokeWithMiddleware()
#24 /computer/Project/frameworks/php/framework/Foundation/Kernel.php(72): Framework\Routing\Router->dispatch()
#25 /computer/Project/frameworks/php/public/index.php(22): Framework\Foundation\Kernel->handle()
#26 {main}

2026-05-05 17:40:18 - SQLSTATE[HY000] [14] unable to open database file
#0 /computer/Project/frameworks/php/framework/Database/Connection/ConnectionFactory.php(51): PDO->__construct()
#1 /computer/Project/frameworks/php/framework/Database/Connection/ConnectionFactory.php(20): Framework\Database\Connection\ConnectionFactory->createPdo()
#2 /computer/Project/frameworks/php/framework/Database/Connection/Manager.php(111): Framework\Database\Connection\ConnectionFactory->make()
#3 /computer/Project/frameworks/php/framework/Database/Connection/Manager.php(28): Framework\Database\Connection\Manager->resolve()
#4 /computer/Project/frameworks/php/framework/Database/DatabaseServiceProvider.php(21): Framework\Database\Connection\Manager->connection()
#5 /computer/Project/frameworks/php/framework/Foundation/Container.php(136): Framework\Database\DatabaseServiceProvider->{closure:Framework\Database\DatabaseServiceProvider::register():20}()
#6 /computer/Project/frameworks/php/framework/Foundation/Container.php(26): Framework\Foundation\Container->resolve()
#7 /computer/Project/frameworks/php/framework/Foundation/Application.php(106): Framework\Foundation\Container->get()
#8 /computer/Project/frameworks/php/framework/Support/helpers.php(291): Framework\Foundation\Application->make()
#9 /computer/Project/frameworks/php/framework/Database/Model.php(177): app()
#10 /computer/Project/frameworks/php/framework/Database/Model.php(197): Framework\Database\Model::resolveConnection()
#11 /computer/Project/frameworks/php/framework/Database/Model.php(401): Framework\Database\Model->getConnection()
#12 /computer/Project/frameworks/php/framework/Database/Model.php(396): Framework\Database\Model->newQuery()
#13 /computer/Project/frameworks/php/admin/Contracts/Live/AdminListPage.php(243): Framework\Database\Model::query()
#14 /computer/Project/frameworks/php/admin/Contracts/Live/AdminListPage.php(202): Admin\Contracts\Live\AdminListPage->buildTable()
#15 /computer/Project/frameworks/php/admin/Contracts/Live/AdminListPage.php(161): Admin\Contracts\Live\AdminListPage->renderListLifecycle()
#16 /computer/Project/frameworks/php/framework/Component/Live/LiveComponent.php(94): Admin\Contracts\Live\AdminListPage->render()
#17 /computer/Project/frameworks/php/admin/Contracts/Live/AdminLayout.php(227): Framework\Component\Live\LiveComponent->toHtml()
#18 /computer/Project/frameworks/php/admin/Contracts/Live/AdminLayout.php(67): Admin\Contracts\Live\AdminLayout->renderMain()
#19 /computer/Project/frameworks/php/framework/Component/Live/LiveComponent.php(94): Admin\Contracts\Live\AdminLayout->render()
#20 /computer/Project/frameworks/php/framework/View/Document/Document.php(260): Framework\Component\Live\LiveComponent->toHtml()
#21 /computer/Project/frameworks/php/framework/View/Document/Document.php(160): Framework\View\Document\Document->resolveContent()
#22 /computer/Project/frameworks/php/framework/Http/Response/HtmlResponse.php(18): Framework\View\Document\Document->main()
#23 /computer/Project/frameworks/php/framework/Http/Response/Response.php(53): Framework\Http\Response\HtmlResponse->__construct()
#24 /computer/Project/frameworks/php/framework/Routing/Router.php(386): Framework\Http\Response\Response::html()
#25 /computer/Project/frameworks/php/framework/Routing/Router.php(401): Framework\Routing\Router->sendContent()
#26 /computer/Project/frameworks/php/framework/Routing/Router.php(342): Framework\Routing\Router->normalizeResponse()
#27 /computer/Project/frameworks/php/framework/Routing/Router.php(308): Framework\Routing\Router->invokeCallable()
#28 /computer/Project/frameworks/php/framework/Routing/Router.php(289): Framework\Routing\Router->invoke()
#29 /computer/Project/frameworks/php/framework/Routing/MiddlewareManager.php(106): Framework\Routing\Router->{closure:Framework\Routing\Router::invokeWithMiddleware():288}()
#30 /computer/Project/frameworks/php/framework/Routing/Router.php(292): Framework\Routing\MiddlewareManager->pipe()
#31 /computer/Project/frameworks/php/framework/Routing/Router.php(245): Framework\Routing\Router->invokeWithMiddleware()
#32 /computer/Project/frameworks/php/framework/Component/Live/LiveRequestHandler.php(171): Framework\Routing\Router->dispatch()
#33 [internal function]: Framework\Component\Live\LiveRequestHandler->navigate()
#34 /computer/Project/frameworks/php/framework/Routing/Router.php(317): ReflectionMethod->invoke()
#35 /computer/Project/frameworks/php/framework/Routing/Router.php(289): Framework\Routing\Router->invoke()
#36 /computer/Project/frameworks/php/framework/Routing/MiddlewareManager.php(106): Framework\Routing\Router->{closure:Framework\Routing\Router::invokeWithMiddleware():288}()
#37 /computer/Project/frameworks/php/framework/Routing/Router.php(292): Framework\Routing\MiddlewareManager->pipe()
#38 /computer/Project/frameworks/php/framework/Routing/Router.php(245): Framework\Routing\Router->invokeWithMiddleware()
#39 /computer/Project/frameworks/php/framework/Foundation/Kernel.php(72): Framework\Routing\Router->dispatch()
#40 /computer/Project/frameworks/php/public/index.php(22): Framework\Foundation\Kernel->handle()
#41 {main}

2026-05-05 17:58:44 - SQLSTATE[HY000] [14] unable to open database file
#0 /computer/Project/frameworks/php/framework/Database/Connection/ConnectionFactory.php(51): PDO->__construct()
#1 /computer/Project/frameworks/php/framework/Database/Connection/ConnectionFactory.php(20): Framework\Database\Connection\ConnectionFactory->createPdo()
#2 /computer/Project/frameworks/php/framework/Database/Connection/Manager.php(111): Framework\Database\Connection\ConnectionFactory->make()
#3 /computer/Project/frameworks/php/framework/Database/Connection/Manager.php(28): Framework\Database\Connection\Manager->resolve()
#4 /computer/Project/frameworks/php/framework/Database/DatabaseServiceProvider.php(21): Framework\Database\Connection\Manager->connection()
#5 /computer/Project/frameworks/php/framework/Foundation/Container.php(136): Framework\Database\DatabaseServiceProvider->{closure:Framework\Database\DatabaseServiceProvider::register():20}()
#6 /computer/Project/frameworks/php/framework/Foundation/Container.php(26): Framework\Foundation\Container->resolve()
#7 /computer/Project/frameworks/php/framework/Foundation/Application.php(106): Framework\Foundation\Container->get()
#8 /computer/Project/frameworks/php/framework/Support/helpers.php(291): Framework\Foundation\Application->make()
#9 /computer/Project/frameworks/php/framework/Database/Model.php(177): app()
#10 /computer/Project/frameworks/php/framework/Database/Model.php(197): Framework\Database\Model::resolveConnection()
#11 /computer/Project/frameworks/php/framework/Database/Model.php(401): Framework\Database\Model->getConnection()
#12 /computer/Project/frameworks/php/framework/Database/Model.php(396): Framework\Database\Model->newQuery()
#13 /computer/Project/frameworks/php/admin/Contracts/Live/AdminListPage.php(243): Framework\Database\Model::query()
#14 /computer/Project/frameworks/php/admin/Contracts/Live/AdminListPage.php(202): Admin\Contracts\Live\AdminListPage->buildTable()
#15 /computer/Project/frameworks/php/admin/Contracts/Live/AdminListPage.php(161): Admin\Contracts\Live\AdminListPage->renderListLifecycle()
#16 /computer/Project/frameworks/php/framework/Component/Live/LiveComponent.php(94): Admin\Contracts\Live\AdminListPage->render()
#17 /computer/Project/frameworks/php/admin/Contracts/Live/AdminLayout.php(227): Framework\Component\Live\LiveComponent->toHtml()
#18 /computer/Project/frameworks/php/admin/Contracts/Live/AdminLayout.php(67): Admin\Contracts\Live\AdminLayout->renderMain()
#19 /computer/Project/frameworks/php/framework/Component/Live/LiveComponent.php(94): Admin\Contracts\Live\AdminLayout->render()
#20 /computer/Project/frameworks/php/framework/View/Document/Document.php(260): Framework\Component\Live\LiveComponent->toHtml()
#21 /computer/Project/frameworks/php/framework/View/Document/Document.php(160): Framework\View\Document\Document->resolveContent()
#22 /computer/Project/frameworks/php/framework/Http/Response/HtmlResponse.php(18): Framework\View\Document\Document->main()
#23 /computer/Project/frameworks/php/framework/Http/Response/Response.php(53): Framework\Http\Response\HtmlResponse->__construct()
#24 /computer/Project/frameworks/php/framework/Routing/Router.php(386): Framework\Http\Response\Response::html()
#25 /computer/Project/frameworks/php/framework/Routing/Router.php(401): Framework\Routing\Router->sendContent()
#26 /computer/Project/frameworks/php/framework/Routing/Router.php(342): Framework\Routing\Router->normalizeResponse()
#27 /computer/Project/frameworks/php/framework/Routing/Router.php(308): Framework\Routing\Router->invokeCallable()
#28 /computer/Project/frameworks/php/framework/Routing/Router.php(289): Framework\Routing\Router->invoke()
#29 /computer/Project/frameworks/php/framework/Routing/MiddlewareManager.php(106): Framework\Routing\Router->{closure:Framework\Routing\Router::invokeWithMiddleware():288}()
#30 /computer/Project/frameworks/php/framework/Routing/Router.php(292): Framework\Routing\MiddlewareManager->pipe()
#31 /computer/Project/frameworks/php/framework/Routing/Router.php(245): Framework\Routing\Router->invokeWithMiddleware()
#32 /computer/Project/frameworks/php/framework/Component/Live/LiveRequestHandler.php(171): Framework\Routing\Router->dispatch()
#33 [internal function]: Framework\Component\Live\LiveRequestHandler->navigate()
#34 /computer/Project/frameworks/php/framework/Routing/Router.php(317): ReflectionMethod->invoke()
#35 /computer/Project/frameworks/php/framework/Routing/Router.php(289): Framework\Routing\Router->invoke()
#36 /computer/Project/frameworks/php/framework/Routing/MiddlewareManager.php(106): Framework\Routing\Router->{closure:Framework\Routing\Router::invokeWithMiddleware():288}()
#37 /computer/Project/frameworks/php/framework/Routing/Router.php(292): Framework\Routing\MiddlewareManager->pipe()
#38 /computer/Project/frameworks/php/framework/Routing/Router.php(245): Framework\Routing\Router->invokeWithMiddleware()
#39 /computer/Project/frameworks/php/framework/Foundation/Kernel.php(72): Framework\Routing\Router->dispatch()
#40 /computer/Project/frameworks/php/public/index.php(22): Framework\Foundation\Kernel->handle()
#41 {main}

2026-05-05 18:06:37 - SQLSTATE[HY000]: General error: 1 no such table: users
#0 /computer/Project/frameworks/php/framework/Database/Connection/Connection.php(73): PDO->prepare()
#1 /computer/Project/frameworks/php/framework/Database/Connection/Connection.php(63): Framework\Database\Connection\Connection->execute()
#2 /computer/Project/frameworks/php/framework/Database/Query/Builder.php(473): Framework\Database\Connection\Connection->queryOne()
#3 /computer/Project/frameworks/php/admin/Contracts/Live/AdminListPage.php(275): Framework\Database\Query\Builder->count()
#4 /computer/Project/frameworks/php/admin/Contracts/Live/AdminListPage.php(202): Admin\Contracts\Live\AdminListPage->buildTable()
#5 /computer/Project/frameworks/php/admin/Contracts/Live/AdminListPage.php(161): Admin\Contracts\Live\AdminListPage->renderListLifecycle()
#6 /computer/Project/frameworks/php/framework/Component/Live/LiveComponent.php(94): Admin\Contracts\Live\AdminListPage->render()
#7 /computer/Project/frameworks/php/admin/Contracts/Live/AdminLayout.php(232): Framework\Component\Live\LiveComponent->toHtml()
#8 /computer/Project/frameworks/php/admin/Contracts/Live/AdminLayout.php(72): Admin\Contracts\Live\AdminLayout->renderMain()
#9 /computer/Project/frameworks/php/framework/Component/Live/LiveComponent.php(94): Admin\Contracts\Live\AdminLayout->render()
#10 /computer/Project/frameworks/php/framework/View/Document/Document.php(260): Framework\Component\Live\LiveComponent->toHtml()
#11 /computer/Project/frameworks/php/framework/View/Document/Document.php(160): Framework\View\Document\Document->resolveContent()
#12 /computer/Project/frameworks/php/framework/Http/Response/HtmlResponse.php(18): Framework\View\Document\Document->main()
#13 /computer/Project/frameworks/php/framework/Http/Response/Response.php(53): Framework\Http\Response\HtmlResponse->__construct()
#14 /computer/Project/frameworks/php/framework/Routing/Router.php(386): Framework\Http\Response\Response::html()
#15 /computer/Project/frameworks/php/framework/Routing/Router.php(401): Framework\Routing\Router->sendContent()
#16 /computer/Project/frameworks/php/framework/Routing/Router.php(342): Framework\Routing\Router->normalizeResponse()
#17 /computer/Project/frameworks/php/framework/Routing/Router.php(308): Framework\Routing\Router->invokeCallable()
#18 /computer/Project/frameworks/php/framework/Routing/Router.php(289): Framework\Routing\Router->invoke()
#19 /computer/Project/frameworks/php/framework/Routing/MiddlewareManager.php(106): Framework\Routing\Router->{closure:Framework\Routing\Router::invokeWithMiddleware():288}()
#20 /computer/Project/frameworks/php/framework/Routing/Router.php(292): Framework\Routing\MiddlewareManager->pipe()
#21 /computer/Project/frameworks/php/framework/Routing/Router.php(245): Framework\Routing\Router->invokeWithMiddleware()
#22 /computer/Project/frameworks/php/framework/Component/Live/LiveRequestHandler.php(171): Framework\Routing\Router->dispatch()
#23 [internal function]: Framework\Component\Live\LiveRequestHandler->navigate()
#24 /computer/Project/frameworks/php/framework/Routing/Router.php(317): ReflectionMethod->invoke()
#25 /computer/Project/frameworks/php/framework/Routing/Router.php(289): Framework\Routing\Router->invoke()
#26 /computer/Project/frameworks/php/framework/Routing/MiddlewareManager.php(106): Framework\Routing\Router->{closure:Framework\Routing\Router::invokeWithMiddleware():288}()
#27 /computer/Project/frameworks/php/framework/Routing/Router.php(292): Framework\Routing\MiddlewareManager->pipe()
#28 /computer/Project/frameworks/php/framework/Routing/Router.php(245): Framework\Routing\Router->invokeWithMiddleware()
#29 /computer/Project/frameworks/php/framework/Foundation/Kernel.php(72): Framework\Routing\Router->dispatch()
#30 /computer/Project/frameworks/php/public/index.php(22): Framework\Foundation\Kernel->handle()
#31 {main}

2026-05-05 18:07:50 - SQLSTATE[HY000]: General error: 1 no such table: users
#0 /computer/Project/frameworks/php/framework/Database/Connection/Connection.php(73): PDO->prepare()
#1 /computer/Project/frameworks/php/framework/Database/Connection/Connection.php(63): Framework\Database\Connection\Connection->execute()
#2 /computer/Project/frameworks/php/framework/Database/Query/Builder.php(473): Framework\Database\Connection\Connection->queryOne()
#3 /computer/Project/frameworks/php/admin/Contracts/Live/AdminListPage.php(275): Framework\Database\Query\Builder->count()
#4 /computer/Project/frameworks/php/admin/Contracts/Live/AdminListPage.php(202): Admin\Contracts\Live\AdminListPage->buildTable()
#5 /computer/Project/frameworks/php/admin/Contracts/Live/AdminListPage.php(161): Admin\Contracts\Live\AdminListPage->renderListLifecycle()
#6 /computer/Project/frameworks/php/framework/Component/Live/LiveComponent.php(94): Admin\Contracts\Live\AdminListPage->render()
#7 /computer/Project/frameworks/php/admin/Contracts/Live/AdminLayout.php(232): Framework\Component\Live\LiveComponent->toHtml()
#8 /computer/Project/frameworks/php/admin/Contracts/Live/AdminLayout.php(72): Admin\Contracts\Live\AdminLayout->renderMain()
#9 /computer/Project/frameworks/php/framework/Component/Live/LiveComponent.php(94): Admin\Contracts\Live\AdminLayout->render()
#10 /computer/Project/frameworks/php/framework/View/Document/Document.php(260): Framework\Component\Live\LiveComponent->toHtml()
#11 /computer/Project/frameworks/php/framework/View/Document/Document.php(160): Framework\View\Document\Document->resolveContent()
#12 /computer/Project/frameworks/php/framework/Http/Response/HtmlResponse.php(18): Framework\View\Document\Document->main()
#13 /computer/Project/frameworks/php/framework/Http/Response/Response.php(53): Framework\Http\Response\HtmlResponse->__construct()
#14 /computer/Project/frameworks/php/framework/Routing/Router.php(386): Framework\Http\Response\Response::html()
#15 /computer/Project/frameworks/php/framework/Routing/Router.php(401): Framework\Routing\Router->sendContent()
#16 /computer/Project/frameworks/php/framework/Routing/Router.php(342): Framework\Routing\Router->normalizeResponse()
#17 /computer/Project/frameworks/php/framework/Routing/Router.php(308): Framework\Routing\Router->invokeCallable()
#18 /computer/Project/frameworks/php/framework/Routing/Router.php(289): Framework\Routing\Router->invoke()
#19 /computer/Project/frameworks/php/framework/Routing/MiddlewareManager.php(106): Framework\Routing\Router->{closure:Framework\Routing\Router::invokeWithMiddleware():288}()
#20 /computer/Project/frameworks/php/framework/Routing/Router.php(292): Framework\Routing\MiddlewareManager->pipe()
#21 /computer/Project/frameworks/php/framework/Routing/Router.php(245): Framework\Routing\Router->invokeWithMiddleware()
#22 /computer/Project/frameworks/php/framework/Component/Live/LiveRequestHandler.php(171): Framework\Routing\Router->dispatch()
#23 [internal function]: Framework\Component\Live\LiveRequestHandler->navigate()
#24 /computer/Project/frameworks/php/framework/Routing/Router.php(317): ReflectionMethod->invoke()
#25 /computer/Project/frameworks/php/framework/Routing/Router.php(289): Framework\Routing\Router->invoke()
#26 /computer/Project/frameworks/php/framework/Routing/MiddlewareManager.php(106): Framework\Routing\Router->{closure:Framework\Routing\Router::invokeWithMiddleware():288}()
#27 /computer/Project/frameworks/php/framework/Routing/Router.php(292): Framework\Routing\MiddlewareManager->pipe()
#28 /computer/Project/frameworks/php/framework/Routing/Router.php(245): Framework\Routing\Router->invokeWithMiddleware()
#29 /computer/Project/frameworks/php/framework/Foundation/Kernel.php(72): Framework\Routing\Router->dispatch()
#30 /computer/Project/frameworks/php/public/index.php(22): Framework\Foundation\Kernel->handle()
#31 {main}

2026-05-05 18:10:50 - Method Admin\Pages\LoginPage::__invoke() does not exist
#0 /computer/Project/frameworks/php/framework/Routing/Router.php(315): ReflectionMethod->__construct()
#1 /computer/Project/frameworks/php/framework/Routing/Router.php(289): Framework\Routing\Router->invoke()
#2 /computer/Project/frameworks/php/framework/Routing/MiddlewareManager.php(106): Framework\Routing\Router->{closure:Framework\Routing\Router::invokeWithMiddleware():288}()
#3 /computer/Project/frameworks/php/framework/Routing/Router.php(292): Framework\Routing\MiddlewareManager->pipe()
#4 /computer/Project/frameworks/php/framework/Routing/Router.php(245): Framework\Routing\Router->invokeWithMiddleware()
#5 /computer/Project/frameworks/php/framework/Component/Live/LiveRequestHandler.php(171): Framework\Routing\Router->dispatch()
#6 [internal function]: Framework\Component\Live\LiveRequestHandler->navigate()
#7 /computer/Project/frameworks/php/framework/Routing/Router.php(317): ReflectionMethod->invoke()
#8 /computer/Project/frameworks/php/framework/Routing/Router.php(289): Framework\Routing\Router->invoke()
#9 /computer/Project/frameworks/php/framework/Routing/MiddlewareManager.php(106): Framework\Routing\Router->{closure:Framework\Routing\Router::invokeWithMiddleware():288}()
#10 /computer/Project/frameworks/php/framework/Routing/Router.php(292): Framework\Routing\MiddlewareManager->pipe()
#11 /computer/Project/frameworks/php/framework/Routing/Router.php(245): Framework\Routing\Router->invokeWithMiddleware()
#12 /computer/Project/frameworks/php/framework/Foundation/Kernel.php(72): Framework\Routing\Router->dispatch()
#13 /computer/Project/frameworks/php/public/index.php(22): Framework\Foundation\Kernel->handle()
#14 {main}

2026-05-05 18:49:44 - Class "Framework\UX\UI\Card" not found
#0 /computer/Project/frameworks/php/framework/Component/Live/LiveComponent.php(94): Admin\Pages\LoginPage->render()
#1 /computer/Project/frameworks/php/framework/View/Document/Document.php(260): Framework\Component\Live\LiveComponent->toHtml()
#2 /computer/Project/frameworks/php/framework/View/Document/Document.php(160): Framework\View\Document\Document->resolveContent()
#3 /computer/Project/frameworks/php/framework/Http/Response/HtmlResponse.php(18): Framework\View\Document\Document->main()
#4 /computer/Project/frameworks/php/framework/Http/Response/Response.php(53): Framework\Http\Response\HtmlResponse->__construct()
#5 /computer/Project/frameworks/php/framework/Routing/Router.php(390): Framework\Http\Response\Response::html()
#6 /computer/Project/frameworks/php/framework/Routing/Router.php(405): Framework\Routing\Router->sendContent()
#7 /computer/Project/frameworks/php/framework/Routing/Router.php(328): Framework\Routing\Router->normalizeResponse()
#8 /computer/Project/frameworks/php/framework/Routing/Router.php(289): Framework\Routing\Router->invoke()
#9 /computer/Project/frameworks/php/framework/Routing/MiddlewareManager.php(106): Framework\Routing\Router->{closure:Framework\Routing\Router::invokeWithMiddleware():288}()
#10 /computer/Project/frameworks/php/framework/Routing/Router.php(292): Framework\Routing\MiddlewareManager->pipe()
#11 /computer/Project/frameworks/php/framework/Routing/Router.php(245): Framework\Routing\Router->invokeWithMiddleware()
#12 /computer/Project/frameworks/php/framework/Component/Live/LiveRequestHandler.php(171): Framework\Routing\Router->dispatch()
#13 [internal function]: Framework\Component\Live\LiveRequestHandler->navigate()
#14 /computer/Project/frameworks/php/framework/Routing/Router.php(321): ReflectionMethod->invoke()
#15 /computer/Project/frameworks/php/framework/Routing/Router.php(289): Framework\Routing\Router->invoke()
#16 /computer/Project/frameworks/php/framework/Routing/MiddlewareManager.php(106): Framework\Routing\Router->{closure:Framework\Routing\Router::invokeWithMiddleware():288}()
#17 /computer/Project/frameworks/php/framework/Routing/Router.php(292): Framework\Routing\MiddlewareManager->pipe()
#18 /computer/Project/frameworks/php/framework/Routing/Router.php(245): Framework\Routing\Router->invokeWithMiddleware()
#19 /computer/Project/frameworks/php/framework/Foundation/Kernel.php(72): Framework\Routing\Router->dispatch()
#20 /computer/Project/frameworks/php/public/index.php(22): Framework\Foundation\Kernel->handle()
#21 {main}

2026-05-05 21:10:01 - Call to undefined method Framework\UX\Data\DataTable::row()
#0 /computer/Project/frameworks/php/admin/Pages/PageBuilderPage.php(112): Admin\Pages\PageBuilderPage->renderPagesList()
#1 /computer/Project/frameworks/php/admin/Pages/PageBuilderPage.php(68): Admin\Pages\PageBuilderPage->showPage()
#2 [internal function]: Admin\Pages\PageBuilderPage->__invoke()
#3 /computer/Project/frameworks/php/framework/Routing/Router.php(321): ReflectionMethod->invoke()
#4 /computer/Project/frameworks/php/framework/Routing/Router.php(289): Framework\Routing\Router->invoke()
#5 /computer/Project/frameworks/php/framework/Routing/MiddlewareManager.php(106): Framework\Routing\Router->{closure:Framework\Routing\Router::invokeWithMiddleware():288}()
#6 /computer/Project/frameworks/php/framework/Routing/Router.php(292): Framework\Routing\MiddlewareManager->pipe()
#7 /computer/Project/frameworks/php/framework/Routing/Router.php(245): Framework\Routing\Router->invokeWithMiddleware()
#8 /computer/Project/frameworks/php/framework/Component/Live/LiveRequestHandler.php(171): Framework\Routing\Router->dispatch()
#9 [internal function]: Framework\Component\Live\LiveRequestHandler->navigate()
#10 /computer/Project/frameworks/php/framework/Routing/Router.php(321): ReflectionMethod->invoke()
#11 /computer/Project/frameworks/php/framework/Routing/Router.php(289): Framework\Routing\Router->invoke()
#12 /computer/Project/frameworks/php/framework/Routing/MiddlewareManager.php(106): Framework\Routing\Router->{closure:Framework\Routing\Router::invokeWithMiddleware():288}()
#13 /computer/Project/frameworks/php/framework/Routing/Router.php(292): Framework\Routing\MiddlewareManager->pipe()
#14 /computer/Project/frameworks/php/framework/Routing/Router.php(245): Framework\Routing\Router->invokeWithMiddleware()
#15 /computer/Project/frameworks/php/framework/Foundation/Kernel.php(72): Framework\Routing\Router->dispatch()
#16 /computer/Project/frameworks/php/public/index.php(22): Framework\Foundation\Kernel->handle()
#17 {main}

2026-05-05 21:10:44 - Call to undefined method Framework\UX\Data\DataTable::row()
#0 /computer/Project/frameworks/php/admin/Pages/PageBuilderPage.php(112): Admin\Pages\PageBuilderPage->renderPagesList()
#1 /computer/Project/frameworks/php/admin/Pages/PageBuilderPage.php(68): Admin\Pages\PageBuilderPage->showPage()
#2 [internal function]: Admin\Pages\PageBuilderPage->__invoke()
#3 /computer/Project/frameworks/php/framework/Routing/Router.php(321): ReflectionMethod->invoke()
#4 /computer/Project/frameworks/php/framework/Routing/Router.php(289): Framework\Routing\Router->invoke()
#5 /computer/Project/frameworks/php/framework/Routing/MiddlewareManager.php(106): Framework\Routing\Router->{closure:Framework\Routing\Router::invokeWithMiddleware():288}()
#6 /computer/Project/frameworks/php/framework/Routing/Router.php(292): Framework\Routing\MiddlewareManager->pipe()
#7 /computer/Project/frameworks/php/framework/Routing/Router.php(245): Framework\Routing\Router->invokeWithMiddleware()
#8 /computer/Project/frameworks/php/framework/Component/Live/LiveRequestHandler.php(171): Framework\Routing\Router->dispatch()
#9 [internal function]: Framework\Component\Live\LiveRequestHandler->navigate()
#10 /computer/Project/frameworks/php/framework/Routing/Router.php(321): ReflectionMethod->invoke()
#11 /computer/Project/frameworks/php/framework/Routing/Router.php(289): Framework\Routing\Router->invoke()
#12 /computer/Project/frameworks/php/framework/Routing/MiddlewareManager.php(106): Framework\Routing\Router->{closure:Framework\Routing\Router::invokeWithMiddleware():288}()
#13 /computer/Project/frameworks/php/framework/Routing/Router.php(292): Framework\Routing\MiddlewareManager->pipe()
#14 /computer/Project/frameworks/php/framework/Routing/Router.php(245): Framework\Routing\Router->invokeWithMiddleware()
#15 /computer/Project/frameworks/php/framework/Foundation/Kernel.php(72): Framework\Routing\Router->dispatch()
#16 /computer/Project/frameworks/php/public/index.php(22): Framework\Foundation\Kernel->handle()
#17 {main}

2026-05-05 21:20:36 - Call to undefined method Framework\UX\Data\DataTable::row()
#0 /computer/Project/frameworks/php/admin/Pages/PageBuilderPage.php(112): Admin\Pages\PageBuilderPage->renderPagesList()
#1 /computer/Project/frameworks/php/admin/Pages/PageBuilderPage.php(68): Admin\Pages\PageBuilderPage->showPage()
#2 [internal function]: Admin\Pages\PageBuilderPage->__invoke()
#3 /computer/Project/frameworks/php/framework/Routing/Router.php(321): ReflectionMethod->invoke()
#4 /computer/Project/frameworks/php/framework/Routing/Router.php(289): Framework\Routing\Router->invoke()
#5 /computer/Project/frameworks/php/framework/Routing/MiddlewareManager.php(106): Framework\Routing\Router->{closure:Framework\Routing\Router::invokeWithMiddleware():288}()
#6 /computer/Project/frameworks/php/framework/Routing/Router.php(292): Framework\Routing\MiddlewareManager->pipe()
#7 /computer/Project/frameworks/php/framework/Routing/Router.php(245): Framework\Routing\Router->invokeWithMiddleware()
#8 /computer/Project/frameworks/php/framework/Component/Live/LiveRequestHandler.php(171): Framework\Routing\Router->dispatch()
#9 [internal function]: Framework\Component\Live\LiveRequestHandler->navigate()
#10 /computer/Project/frameworks/php/framework/Routing/Router.php(321): ReflectionMethod->invoke()
#11 /computer/Project/frameworks/php/framework/Routing/Router.php(289): Framework\Routing\Router->invoke()
#12 /computer/Project/frameworks/php/framework/Routing/MiddlewareManager.php(106): Framework\Routing\Router->{closure:Framework\Routing\Router::invokeWithMiddleware():288}()
#13 /computer/Project/frameworks/php/framework/Routing/Router.php(292): Framework\Routing\MiddlewareManager->pipe()
#14 /computer/Project/frameworks/php/framework/Routing/Router.php(245): Framework\Routing\Router->invokeWithMiddleware()
#15 /computer/Project/frameworks/php/framework/Foundation/Kernel.php(72): Framework\Routing\Router->dispatch()
#16 /computer/Project/frameworks/php/public/index.php(22): Framework\Foundation\Kernel->handle()
#17 {main}

2026-05-05 22:05:33 - Admin\Pages\SettingPage::renderGroupForm(): Return value must be of type Framework\View\Base\Element, Framework\UX\Form\FormBuilder returned
#0 /computer/Project/frameworks/php/admin/Pages/SettingPage.php(94): Admin\Pages\SettingPage->renderGroupForm()
#1 /computer/Project/frameworks/php/admin/Pages/SettingPage.php(63): Admin\Pages\SettingPage->showSettings()
#2 [internal function]: Admin\Pages\SettingPage->__invoke()
#3 /computer/Project/frameworks/php/framework/Routing/Router.php(321): ReflectionMethod->invoke()
#4 /computer/Project/frameworks/php/framework/Routing/Router.php(289): Framework\Routing\Router->invoke()
#5 /computer/Project/frameworks/php/framework/Routing/MiddlewareManager.php(106): Framework\Routing\Router->{closure:Framework\Routing\Router::invokeWithMiddleware():288}()
#6 /computer/Project/frameworks/php/framework/Routing/Router.php(292): Framework\Routing\MiddlewareManager->pipe()
#7 /computer/Project/frameworks/php/framework/Routing/Router.php(245): Framework\Routing\Router->invokeWithMiddleware()
#8 /computer/Project/frameworks/php/framework/Component/Live/LiveRequestHandler.php(171): Framework\Routing\Router->dispatch()
#9 [internal function]: Framework\Component\Live\LiveRequestHandler->navigate()
#10 /computer/Project/frameworks/php/framework/Routing/Router.php(321): ReflectionMethod->invoke()
#11 /computer/Project/frameworks/php/framework/Routing/Router.php(289): Framework\Routing\Router->invoke()
#12 /computer/Project/frameworks/php/framework/Routing/MiddlewareManager.php(106): Framework\Routing\Router->{closure:Framework\Routing\Router::invokeWithMiddleware():288}()
#13 /computer/Project/frameworks/php/framework/Routing/Router.php(292): Framework\Routing\MiddlewareManager->pipe()
#14 /computer/Project/frameworks/php/framework/Routing/Router.php(245): Framework\Routing\Router->invokeWithMiddleware()
#15 /computer/Project/frameworks/php/framework/Foundation/Kernel.php(72): Framework\Routing\Router->dispatch()
#16 /computer/Project/frameworks/php/public/index.php(22): Framework\Foundation\Kernel->handle()
#17 {main}

2026-05-05 23:53:10 - SQLSTATE[HY000]: General error: 1 no such table: roles
#0 /computer/Project/frameworks/php/framework/Database/Connection/Connection.php(73): PDO->prepare()
#1 /computer/Project/frameworks/php/framework/Database/Connection/Connection.php(63): Framework\Database\Connection\Connection->execute()
#2 /computer/Project/frameworks/php/framework/Database/Query/Builder.php(473): Framework\Database\Connection\Connection->queryOne()
#3 /computer/Project/frameworks/php/admin/Contracts/Live/AdminListPage.php(284): Framework\Database\Query\Builder->count()
#4 /computer/Project/frameworks/php/admin/Contracts/Live/AdminListPage.php(211): Admin\Contracts\Live\AdminListPage->buildTable()
#5 /computer/Project/frameworks/php/admin/Contracts/Live/AdminListPage.php(170): Admin\Contracts\Live\AdminListPage->renderListLifecycle()
#6 /computer/Project/frameworks/php/framework/Component/Live/LiveComponent.php(98): Admin\Contracts\Live\AdminListPage->render()
#7 /computer/Project/frameworks/php/admin/Contracts/Live/AdminLayout.php(304): Framework\Component\Live\LiveComponent->toHtml()
#8 /computer/Project/frameworks/php/admin/Contracts/Live/AdminLayout.php(84): Admin\Contracts\Live\AdminLayout->renderMain()
#9 /computer/Project/frameworks/php/framework/Component/Live/LiveComponent.php(98): Admin\Contracts\Live\AdminLayout->render()
#10 /computer/Project/frameworks/php/framework/View/Document/Document.php(260): Framework\Component\Live\LiveComponent->toHtml()
#11 /computer/Project/frameworks/php/framework/View/Document/Document.php(160): Framework\View\Document\Document->resolveContent()
#12 /computer/Project/frameworks/php/framework/Http/Response/HtmlResponse.php(20): Framework\View\Document\Document->main()
#13 /computer/Project/frameworks/php/framework/Http/Response/Response.php(53): Framework\Http\Response\HtmlResponse->__construct()
#14 /computer/Project/frameworks/php/framework/Routing/Router.php(390): Framework\Http\Response\Response::html()
#15 /computer/Project/frameworks/php/framework/Routing/Router.php(408): Framework\Routing\Router->sendContent()
#16 /computer/Project/frameworks/php/framework/Routing/Router.php(346): Framework\Routing\Router->normalizeResponse()
#17 /computer/Project/frameworks/php/framework/Routing/Router.php(308): Framework\Routing\Router->invokeCallable()
#18 /computer/Project/frameworks/php/framework/Routing/Router.php(289): Framework\Routing\Router->invoke()
#19 /computer/Project/frameworks/php/framework/Routing/MiddlewareManager.php(106): Framework\Routing\Router->{closure:Framework\Routing\Router::invokeWithMiddleware():288}()
#20 /computer/Project/frameworks/php/framework/Routing/Router.php(292): Framework\Routing\MiddlewareManager->pipe()
#21 /computer/Project/frameworks/php/framework/Routing/Router.php(245): Framework\Routing\Router->invokeWithMiddleware()
#22 /computer/Project/frameworks/php/framework/Component/Live/LiveRequestHandler.php(171): Framework\Routing\Router->dispatch()
#23 [internal function]: Framework\Component\Live\LiveRequestHandler->navigate()
#24 /computer/Project/frameworks/php/framework/Routing/Router.php(321): ReflectionMethod->invoke()
#25 /computer/Project/frameworks/php/framework/Routing/Router.php(289): Framework\Routing\Router->invoke()
#26 /computer/Project/frameworks/php/framework/Routing/MiddlewareManager.php(106): Framework\Routing\Router->{closure:Framework\Routing\Router::invokeWithMiddleware():288}()
#27 /computer/Project/frameworks/php/framework/Routing/Router.php(292): Framework\Routing\MiddlewareManager->pipe()
#28 /computer/Project/frameworks/php/framework/Routing/Router.php(245): Framework\Routing\Router->invokeWithMiddleware()
#29 /computer/Project/frameworks/php/framework/Foundation/Kernel.php(72): Framework\Routing\Router->dispatch()
#30 /computer/Project/frameworks/php/public/index.php(22): Framework\Foundation\Kernel->handle()
#31 {main}

2026-05-06 11:12:27 - Cannot assign array to property Framework\UX\Form\FormBuilder::$currentSection of type ?string
#0 /computer/Project/frameworks/php/admin/Resources/UserResource.php(49): Framework\UX\Form\FormBuilder->section()
#1 /computer/Project/frameworks/php/admin/Contracts/Live/AdminFormPage.php(234): Admin\Resources\UserResource->configureForm()
#2 /computer/Project/frameworks/php/admin/Contracts/Live/AdminFormPage.php(126): Admin\Contracts\Live\AdminFormPage->renderFormLifecycle()
#3 /computer/Project/frameworks/php/framework/Component/Live/LiveComponent.php(100): Admin\Contracts\Live\AdminFormPage->render()
#4 /computer/Project/frameworks/php/admin/Contracts/Live/AdminLayout.php(305): Framework\Component\Live\LiveComponent->toHtml()
#5 /computer/Project/frameworks/php/admin/Contracts/Live/AdminLayout.php(85): Admin\Contracts\Live\AdminLayout->renderMain()
#6 /computer/Project/frameworks/php/framework/Component/Live/LiveComponent.php(100): Admin\Contracts\Live\AdminLayout->render()
#7 /computer/Project/frameworks/php/framework/View/Document/Document.php(268): Framework\Component\Live\LiveComponent->toHtml()
#8 /computer/Project/frameworks/php/framework/View/Document/Document.php(160): Framework\View\Document\Document->resolveContent()
#9 /computer/Project/frameworks/php/framework/Http/Response/HtmlResponse.php(20): Framework\View\Document\Document->main()
#10 /computer/Project/frameworks/php/framework/Http/Response/Response.php(53): Framework\Http\Response\HtmlResponse->__construct()
#11 /computer/Project/frameworks/php/framework/Routing/Router.php(390): Framework\Http\Response\Response::html()
#12 /computer/Project/frameworks/php/framework/Routing/Router.php(408): Framework\Routing\Router->sendContent()
#13 /computer/Project/frameworks/php/framework/Routing/Router.php(346): Framework\Routing\Router->normalizeResponse()
#14 /computer/Project/frameworks/php/framework/Routing/Router.php(308): Framework\Routing\Router->invokeCallable()
#15 /computer/Project/frameworks/php/framework/Routing/Router.php(289): Framework\Routing\Router->invoke()
#16 /computer/Project/frameworks/php/framework/Http/Middleware/AdminAuthenticate.php(24): Framework\Routing\Router->{closure:Framework\Routing\Router::invokeWithMiddleware():288}()
#17 /computer/Project/frameworks/php/framework/Routing/MiddlewareManager.php(122): Framework\Http\Middleware\AdminAuthenticate->handle()
#18 /computer/Project/frameworks/php/framework/Routing/MiddlewareManager.php(106): Framework\Routing\MiddlewareManager->{closure:Framework\Routing\MiddlewareManager::createMiddlewareHandler():111}()
#19 /computer/Project/frameworks/php/framework/Routing/Router.php(292): Framework\Routing\MiddlewareManager->pipe()
#20 /computer/Project/frameworks/php/framework/Routing/Router.php(245): Framework\Routing\Router->invokeWithMiddleware()
#21 /computer/Project/frameworks/php/framework/Component/Live/LiveRequestHandler.php(171): Framework\Routing\Router->dispatch()
#22 [internal function]: Framework\Component\Live\LiveRequestHandler->navigate()
#23 /computer/Project/frameworks/php/framework/Routing/Router.php(321): ReflectionMethod->invoke()
#24 /computer/Project/frameworks/php/framework/Routing/Router.php(289): Framework\Routing\Router->invoke()
#25 /computer/Project/frameworks/php/framework/Routing/MiddlewareManager.php(106): Framework\Routing\Router->{closure:Framework\Routing\Router::invokeWithMiddleware():288}()
#26 /computer/Project/frameworks/php/framework/Routing/Router.php(292): Framework\Routing\MiddlewareManager->pipe()
#27 /computer/Project/frameworks/php/framework/Routing/Router.php(245): Framework\Routing\Router->invokeWithMiddleware()
#28 /computer/Project/frameworks/php/framework/Foundation/Kernel.php(72): Framework\Routing\Router->dispatch()
#29 /computer/Project/frameworks/php/public/index.php(22): Framework\Foundation\Kernel->handle()
#30 {main}

2026-05-06 11:12:33 - Cannot assign array to property Framework\UX\Form\FormBuilder::$currentSection of type ?string
#0 /computer/Project/frameworks/php/admin/Resources/RoleResource.php(50): Framework\UX\Form\FormBuilder->section()
#1 /computer/Project/frameworks/php/admin/Contracts/Live/AdminFormPage.php(234): Admin\Resources\RoleResource->configureForm()
#2 /computer/Project/frameworks/php/admin/Contracts/Live/AdminFormPage.php(126): Admin\Contracts\Live\AdminFormPage->renderFormLifecycle()
#3 /computer/Project/frameworks/php/framework/Component/Live/LiveComponent.php(100): Admin\Contracts\Live\AdminFormPage->render()
#4 /computer/Project/frameworks/php/admin/Contracts/Live/AdminLayout.php(305): Framework\Component\Live\LiveComponent->toHtml()
#5 /computer/Project/frameworks/php/admin/Contracts/Live/AdminLayout.php(85): Admin\Contracts\Live\AdminLayout->renderMain()
#6 /computer/Project/frameworks/php/framework/Component/Live/LiveComponent.php(100): Admin\Contracts\Live\AdminLayout->render()
#7 /computer/Project/frameworks/php/framework/View/Document/Document.php(268): Framework\Component\Live\LiveComponent->toHtml()
#8 /computer/Project/frameworks/php/framework/View/Document/Document.php(160): Framework\View\Document\Document->resolveContent()
#9 /computer/Project/frameworks/php/framework/Http/Response/HtmlResponse.php(20): Framework\View\Document\Document->main()
#10 /computer/Project/frameworks/php/framework/Http/Response/Response.php(53): Framework\Http\Response\HtmlResponse->__construct()
#11 /computer/Project/frameworks/php/framework/Routing/Router.php(390): Framework\Http\Response\Response::html()
#12 /computer/Project/frameworks/php/framework/Routing/Router.php(408): Framework\Routing\Router->sendContent()
#13 /computer/Project/frameworks/php/framework/Routing/Router.php(346): Framework\Routing\Router->normalizeResponse()
#14 /computer/Project/frameworks/php/framework/Routing/Router.php(308): Framework\Routing\Router->invokeCallable()
#15 /computer/Project/frameworks/php/framework/Routing/Router.php(289): Framework\Routing\Router->invoke()
#16 /computer/Project/frameworks/php/framework/Http/Middleware/AdminAuthenticate.php(24): Framework\Routing\Router->{closure:Framework\Routing\Router::invokeWithMiddleware():288}()
#17 /computer/Project/frameworks/php/framework/Routing/MiddlewareManager.php(122): Framework\Http\Middleware\AdminAuthenticate->handle()
#18 /computer/Project/frameworks/php/framework/Routing/MiddlewareManager.php(106): Framework\Routing\MiddlewareManager->{closure:Framework\Routing\MiddlewareManager::createMiddlewareHandler():111}()
#19 /computer/Project/frameworks/php/framework/Routing/Router.php(292): Framework\Routing\MiddlewareManager->pipe()
#20 /computer/Project/frameworks/php/framework/Routing/Router.php(245): Framework\Routing\Router->invokeWithMiddleware()
#21 /computer/Project/frameworks/php/framework/Component/Live/LiveRequestHandler.php(171): Framework\Routing\Router->dispatch()
#22 [internal function]: Framework\Component\Live\LiveRequestHandler->navigate()
#23 /computer/Project/frameworks/php/framework/Routing/Router.php(321): ReflectionMethod->invoke()
#24 /computer/Project/frameworks/php/framework/Routing/Router.php(289): Framework\Routing\Router->invoke()
#25 /computer/Project/frameworks/php/framework/Routing/MiddlewareManager.php(106): Framework\Routing\Router->{closure:Framework\Routing\Router::invokeWithMiddleware():288}()
#26 /computer/Project/frameworks/php/framework/Routing/Router.php(292): Framework\Routing\MiddlewareManager->pipe()
#27 /computer/Project/frameworks/php/framework/Routing/Router.php(245): Framework\Routing\Router->invokeWithMiddleware()
#28 /computer/Project/frameworks/php/framework/Foundation/Kernel.php(72): Framework\Routing\Router->dispatch()
#29 /computer/Project/frameworks/php/public/index.php(22): Framework\Foundation\Kernel->handle()
#30 {main}

2026-05-06 12:41:13 - Cannot assign array to property Framework\UX\Form\FormBuilder::$currentSection of type ?string
#0 /computer/Project/frameworks/php/admin/Resources/UserResource.php(49): Framework\UX\Form\FormBuilder->section()
#1 /computer/Project/frameworks/php/admin/Contracts/Live/AdminFormPage.php(234): Admin\Resources\UserResource->configureForm()
#2 /computer/Project/frameworks/php/admin/Contracts/Live/AdminFormPage.php(126): Admin\Contracts\Live\AdminFormPage->renderFormLifecycle()
#3 /computer/Project/frameworks/php/framework/Component/Live/LiveComponent.php(100): Admin\Contracts\Live\AdminFormPage->render()
#4 /computer/Project/frameworks/php/admin/Contracts/Live/AdminLayout.php(305): Framework\Component\Live\LiveComponent->toHtml()
#5 /computer/Project/frameworks/php/admin/Contracts/Live/AdminLayout.php(85): Admin\Contracts\Live\AdminLayout->renderMain()
#6 /computer/Project/frameworks/php/framework/Component/Live/LiveComponent.php(100): Admin\Contracts\Live\AdminLayout->render()
#7 /computer/Project/frameworks/php/framework/View/Document/Document.php(268): Framework\Component\Live\LiveComponent->toHtml()
#8 /computer/Project/frameworks/php/framework/View/Document/Document.php(160): Framework\View\Document\Document->resolveContent()
#9 /computer/Project/frameworks/php/framework/Http/Response/HtmlResponse.php(20): Framework\View\Document\Document->main()
#10 /computer/Project/frameworks/php/framework/Http/Response/Response.php(53): Framework\Http\Response\HtmlResponse->__construct()
#11 /computer/Project/frameworks/php/framework/Routing/Router.php(390): Framework\Http\Response\Response::html()
#12 /computer/Project/frameworks/php/framework/Routing/Router.php(408): Framework\Routing\Router->sendContent()
#13 /computer/Project/frameworks/php/framework/Routing/Router.php(346): Framework\Routing\Router->normalizeResponse()
#14 /computer/Project/frameworks/php/framework/Routing/Router.php(308): Framework\Routing\Router->invokeCallable()
#15 /computer/Project/frameworks/php/framework/Routing/Router.php(289): Framework\Routing\Router->invoke()
#16 /computer/Project/frameworks/php/framework/Http/Middleware/AdminAuthenticate.php(24): Framework\Routing\Router->{closure:Framework\Routing\Router::invokeWithMiddleware():288}()
#17 /computer/Project/frameworks/php/framework/Routing/MiddlewareManager.php(122): Framework\Http\Middleware\AdminAuthenticate->handle()
#18 /computer/Project/frameworks/php/framework/Routing/MiddlewareManager.php(106): Framework\Routing\MiddlewareManager->{closure:Framework\Routing\MiddlewareManager::createMiddlewareHandler():111}()
#19 /computer/Project/frameworks/php/framework/Routing/Router.php(292): Framework\Routing\MiddlewareManager->pipe()
#20 /computer/Project/frameworks/php/framework/Routing/Router.php(245): Framework\Routing\Router->invokeWithMiddleware()
#21 /computer/Project/frameworks/php/framework/Component/Live/LiveRequestHandler.php(171): Framework\Routing\Router->dispatch()
#22 [internal function]: Framework\Component\Live\LiveRequestHandler->navigate()
#23 /computer/Project/frameworks/php/framework/Routing/Router.php(321): ReflectionMethod->invoke()
#24 /computer/Project/frameworks/php/framework/Routing/Router.php(289): Framework\Routing\Router->invoke()
#25 /computer/Project/frameworks/php/framework/Routing/MiddlewareManager.php(106): Framework\Routing\Router->{closure:Framework\Routing\Router::invokeWithMiddleware():288}()
#26 /computer/Project/frameworks/php/framework/Routing/Router.php(292): Framework\Routing\MiddlewareManager->pipe()
#27 /computer/Project/frameworks/php/framework/Routing/Router.php(245): Framework\Routing\Router->invokeWithMiddleware()
#28 /computer/Project/frameworks/php/framework/Foundation/Kernel.php(72): Framework\Routing\Router->dispatch()
#29 /computer/Project/frameworks/php/public/index.php(22): Framework\Foundation\Kernel->handle()
#30 {main}

2026-05-06 12:42:53 - t(): Argument #1 ($key) must be of type string, array given, called in /computer/Project/frameworks/php/framework/UX/Form/FormBuilder.php on line 351
#0 /computer/Project/frameworks/php/framework/UX/Form/FormBuilder.php(351): t()
#1 /computer/Project/frameworks/php/admin/Resources/UserResource.php(49): Framework\UX\Form\FormBuilder->section()
#2 /computer/Project/frameworks/php/admin/Contracts/Live/AdminFormPage.php(234): Admin\Resources\UserResource->configureForm()
#3 /computer/Project/frameworks/php/admin/Contracts/Live/AdminFormPage.php(126): Admin\Contracts\Live\AdminFormPage->renderFormLifecycle()
#4 /computer/Project/frameworks/php/framework/Component/Live/LiveComponent.php(100): Admin\Contracts\Live\AdminFormPage->render()
#5 /computer/Project/frameworks/php/admin/Contracts/Live/AdminLayout.php(305): Framework\Component\Live\LiveComponent->toHtml()
#6 /computer/Project/frameworks/php/admin/Contracts/Live/AdminLayout.php(85): Admin\Contracts\Live\AdminLayout->renderMain()
#7 /computer/Project/frameworks/php/framework/Component/Live/LiveComponent.php(100): Admin\Contracts\Live\AdminLayout->render()
#8 /computer/Project/frameworks/php/framework/View/Document/Document.php(268): Framework\Component\Live\LiveComponent->toHtml()
#9 /computer/Project/frameworks/php/framework/View/Document/Document.php(160): Framework\View\Document\Document->resolveContent()
#10 /computer/Project/frameworks/php/framework/Http/Response/HtmlResponse.php(20): Framework\View\Document\Document->main()
#11 /computer/Project/frameworks/php/framework/Http/Response/Response.php(53): Framework\Http\Response\HtmlResponse->__construct()
#12 /computer/Project/frameworks/php/framework/Routing/Router.php(390): Framework\Http\Response\Response::html()
#13 /computer/Project/frameworks/php/framework/Routing/Router.php(408): Framework\Routing\Router->sendContent()
#14 /computer/Project/frameworks/php/framework/Routing/Router.php(346): Framework\Routing\Router->normalizeResponse()
#15 /computer/Project/frameworks/php/framework/Routing/Router.php(308): Framework\Routing\Router->invokeCallable()
#16 /computer/Project/frameworks/php/framework/Routing/Router.php(289): Framework\Routing\Router->invoke()
#17 /computer/Project/frameworks/php/framework/Http/Middleware/AdminAuthenticate.php(24): Framework\Routing\Router->{closure:Framework\Routing\Router::invokeWithMiddleware():288}()
#18 /computer/Project/frameworks/php/framework/Routing/MiddlewareManager.php(122): Framework\Http\Middleware\AdminAuthenticate->handle()
#19 /computer/Project/frameworks/php/framework/Routing/MiddlewareManager.php(106): Framework\Routing\MiddlewareManager->{closure:Framework\Routing\MiddlewareManager::createMiddlewareHandler():111}()
#20 /computer/Project/frameworks/php/framework/Routing/Router.php(292): Framework\Routing\MiddlewareManager->pipe()
#21 /computer/Project/frameworks/php/framework/Routing/Router.php(245): Framework\Routing\Router->invokeWithMiddleware()
#22 /computer/Project/frameworks/php/framework/Component/Live/LiveRequestHandler.php(171): Framework\Routing\Router->dispatch()
#23 [internal function]: Framework\Component\Live\LiveRequestHandler->navigate()
#24 /computer/Project/frameworks/php/framework/Routing/Router.php(321): ReflectionMethod->invoke()
#25 /computer/Project/frameworks/php/framework/Routing/Router.php(289): Framework\Routing\Router->invoke()
#26 /computer/Project/frameworks/php/framework/Routing/MiddlewareManager.php(106): Framework\Routing\Router->{closure:Framework\Routing\Router::invokeWithMiddleware():288}()
#27 /computer/Project/frameworks/php/framework/Routing/Router.php(292): Framework\Routing\MiddlewareManager->pipe()
#28 /computer/Project/frameworks/php/framework/Routing/Router.php(245): Framework\Routing\Router->invokeWithMiddleware()
#29 /computer/Project/frameworks/php/framework/Foundation/Kernel.php(72): Framework\Routing\Router->dispatch()
#30 /computer/Project/frameworks/php/public/index.php(22): Framework\Foundation\Kernel->handle()
#31 {main}

